{"C:\\Users\\ordi\\Documents\\Formation Ifocop-JS-2022\\Evaluation3-Indu\\eval-productivite\\public\\js\\functionsToTest.js": {"path":"C:\\Users\\ordi\\Documents\\Formation Ifocop-JS-2022\\Evaluation3-Indu\\eval-productivite\\public\\js\\functionsToTest.js","all":false,"statementMap":{"0":{"start":{"line":1,"column":0},"end":{"line":1,"column":35}},"1":{"start":{"line":2,"column":0},"end":{"line":2,"column":44}},"2":{"start":{"line":3,"column":0},"end":{"line":3,"column":20}},"3":{"start":{"line":4,"column":0},"end":{"line":4,"column":20}},"4":{"start":{"line":5,"column":0},"end":{"line":5,"column":18}},"5":{"start":{"line":6,"column":0},"end":{"line":6,"column":27}},"6":{"start":{"line":7,"column":0},"end":{"line":7,"column":28}},"7":{"start":{"line":8,"column":0},"end":{"line":8,"column":14}},"8":{"start":{"line":9,"column":0},"end":{"line":9,"column":7}},"9":{"start":{"line":10,"column":0},"end":{"line":10,"column":10}},"10":{"start":{"line":11,"column":0},"end":{"line":11,"column":56}},"11":{"start":{"line":12,"column":0},"end":{"line":12,"column":3}},"12":{"start":{"line":13,"column":0},"end":{"line":13,"column":18}},"13":{"start":{"line":14,"column":0},"end":{"line":14,"column":2}},"14":{"start":{"line":15,"column":0},"end":{"line":15,"column":35}},"15":{"start":{"line":16,"column":0},"end":{"line":16,"column":53}},"16":{"start":{"line":17,"column":0},"end":{"line":17,"column":15}},"17":{"start":{"line":18,"column":0},"end":{"line":18,"column":6}},"18":{"start":{"line":19,"column":0},"end":{"line":19,"column":34}},"19":{"start":{"line":20,"column":0},"end":{"line":20,"column":33}},"20":{"start":{"line":21,"column":0},"end":{"line":21,"column":5}},"21":{"start":{"line":22,"column":0},"end":{"line":22,"column":52}},"22":{"start":{"line":23,"column":0},"end":{"line":23,"column":10}},"23":{"start":{"line":24,"column":0},"end":{"line":24,"column":57}},"24":{"start":{"line":25,"column":0},"end":{"line":25,"column":3}},"25":{"start":{"line":26,"column":0},"end":{"line":26,"column":18}},"26":{"start":{"line":27,"column":0},"end":{"line":27,"column":2}}},"s":{"0":1,"1":1,"2":2,"3":2,"4":1,"5":1,"6":3,"7":3,"8":3,"9":1,"10":1,"11":1,"12":2,"13":2,"14":1,"15":1,"16":2,"17":2,"18":2,"19":2,"20":2,"21":1,"22":1,"23":1,"24":1,"25":2,"26":2},"branchMap":{"0":{"type":"branch","line":2,"loc":{"start":{"line":2,"column":30},"end":{"line":14,"column":2}},"locations":[{"start":{"line":2,"column":30},"end":{"line":14,"column":2}}]},"1":{"type":"branch","line":4,"loc":{"start":{"line":4,"column":19},"end":{"line":12,"column":3}},"locations":[{"start":{"line":4,"column":19},"end":{"line":12,"column":3}}]},"2":{"type":"branch","line":6,"loc":{"start":{"line":6,"column":18},"end":{"line":9,"column":7}},"locations":[{"start":{"line":6,"column":18},"end":{"line":9,"column":7}}]},"3":{"type":"branch","line":16,"loc":{"start":{"line":16,"column":33},"end":{"line":27,"column":2}},"locations":[{"start":{"line":16,"column":33},"end":{"line":27,"column":2}}]},"4":{"type":"branch","line":21,"loc":{"start":{"line":21,"column":4},"end":{"line":25,"column":3}},"locations":[{"start":{"line":21,"column":4},"end":{"line":25,"column":3}}]},"5":{"type":"branch","line":22,"loc":{"start":{"line":22,"column":35},"end":{"line":22,"column":52}},"locations":[{"start":{"line":22,"column":35},"end":{"line":22,"column":52}}]}},"b":{"0":[2],"1":[1],"2":[3],"3":[2],"4":[1],"5":[3]},"fnMap":{"0":{"name":"returnAnObject","decl":{"start":{"line":2,"column":30},"end":{"line":14,"column":2}},"loc":{"start":{"line":2,"column":30},"end":{"line":14,"column":2}},"line":2},"1":{"name":"multiplyAllByTwo","decl":{"start":{"line":16,"column":33},"end":{"line":27,"column":2}},"loc":{"start":{"line":16,"column":33},"end":{"line":27,"column":2}},"line":16}},"f":{"0":2,"1":2}}
}
